2021-11-19 11:35:13.762 +06:00 [INF] Application Starting up
2021-11-19 11:35:18.809 +06:00 [FTL] Application start-up failed
System.ArgumentException: The type 'Ecommerce.Framework.Repository.CustomerRepository' is not assignable to service 'Ecommerce.Framework.Repository.ICustomerRepository'.
   at Autofac.Builder.RegistrationBuilder.CreateRegistration(Guid id, RegistrationData data, IInstanceActivator activator, IResolvePipelineBuilder pipelineBuilder, Service[] services, IComponentRegistration target)
   at Autofac.Builder.RegistrationBuilder.CreateRegistration[TLimit,TActivatorData,TSingleRegistrationStyle](IRegistrationBuilder`3 builder)
   at Autofac.Builder.RegistrationBuilder.RegisterSingleComponent[TLimit,TActivatorData,TSingleRegistrationStyle](IComponentRegistryBuilder cr, IRegistrationBuilder`3 builder)
   at Autofac.RegistrationExtensions.<>c__DisplayClass37_0`1.<RegisterType>b__0(IComponentRegistryBuilder cr)
   at Autofac.ContainerBuilder.Build(IComponentRegistryBuilder componentRegistry, Boolean excludeDefaultModules)
   at Autofac.ContainerBuilder.UpdateRegistry(IComponentRegistryBuilder componentRegistry)
   at Autofac.Module.Configure(IComponentRegistryBuilder componentRegistry)
   at Autofac.ContainerBuilder.Build(IComponentRegistryBuilder componentRegistry, Boolean excludeDefaultModules)
   at Autofac.ContainerBuilder.Build(ContainerBuildOptions options)
   at Autofac.Extensions.DependencyInjection.AutofacServiceProviderFactory.CreateServiceProvider(ContainerBuilder containerBuilder)
   at Microsoft.Extensions.Hosting.Internal.ServiceFactoryAdapter`1.CreateServiceProvider(Object containerBuilder)
   at Microsoft.Extensions.Hosting.HostBuilder.CreateServiceProvider()
   at Microsoft.Extensions.Hosting.HostBuilder.Build()
   at EcommerceSolution.web.Program.Main(String[] args) in C:\Users\sarwar mahmud milon\source\repos\EcommerceSolution\EcommerceSolution.web\Program.cs:line 36
2021-11-19 11:36:19.445 +06:00 [INF] Application Starting up
2021-11-19 11:36:20.938 +06:00 [FTL] Application start-up failed
System.ArgumentException: The type 'Ecommerce.Framework.Repository.CustomerRepository' is not assignable to service 'Ecommerce.Framework.Repository.ICustomerRepository'.
   at Autofac.Builder.RegistrationBuilder.CreateRegistration(Guid id, RegistrationData data, IInstanceActivator activator, IResolvePipelineBuilder pipelineBuilder, Service[] services, IComponentRegistration target)
   at Autofac.Builder.RegistrationBuilder.CreateRegistration[TLimit,TActivatorData,TSingleRegistrationStyle](IRegistrationBuilder`3 builder)
   at Autofac.Builder.RegistrationBuilder.RegisterSingleComponent[TLimit,TActivatorData,TSingleRegistrationStyle](IComponentRegistryBuilder cr, IRegistrationBuilder`3 builder)
   at Autofac.RegistrationExtensions.<>c__DisplayClass37_0`1.<RegisterType>b__0(IComponentRegistryBuilder cr)
   at Autofac.ContainerBuilder.Build(IComponentRegistryBuilder componentRegistry, Boolean excludeDefaultModules)
   at Autofac.ContainerBuilder.UpdateRegistry(IComponentRegistryBuilder componentRegistry)
   at Autofac.Module.Configure(IComponentRegistryBuilder componentRegistry)
   at Autofac.ContainerBuilder.Build(IComponentRegistryBuilder componentRegistry, Boolean excludeDefaultModules)
   at Autofac.ContainerBuilder.Build(ContainerBuildOptions options)
   at Autofac.Extensions.DependencyInjection.AutofacServiceProviderFactory.CreateServiceProvider(ContainerBuilder containerBuilder)
   at Microsoft.Extensions.Hosting.Internal.ServiceFactoryAdapter`1.CreateServiceProvider(Object containerBuilder)
   at Microsoft.Extensions.Hosting.HostBuilder.CreateServiceProvider()
   at Microsoft.Extensions.Hosting.HostBuilder.Build()
   at EcommerceSolution.web.Program.Main(String[] args) in C:\Users\sarwar mahmud milon\source\repos\EcommerceSolution\EcommerceSolution.web\Program.cs:line 36
2021-11-19 11:47:24.967 +06:00 [INF] Application Starting up
2021-11-19 11:47:27.491 +06:00 [FTL] Application start-up failed
System.ArgumentException: The type 'Ecommerce.Framework.Repository.CustomerRepository' is not assignable to service 'Ecommerce.Framework.Repository.ICustomerRepository'.
   at Autofac.Builder.RegistrationBuilder.CreateRegistration(Guid id, RegistrationData data, IInstanceActivator activator, IResolvePipelineBuilder pipelineBuilder, Service[] services, IComponentRegistration target)
   at Autofac.Builder.RegistrationBuilder.CreateRegistration[TLimit,TActivatorData,TSingleRegistrationStyle](IRegistrationBuilder`3 builder)
   at Autofac.Builder.RegistrationBuilder.RegisterSingleComponent[TLimit,TActivatorData,TSingleRegistrationStyle](IComponentRegistryBuilder cr, IRegistrationBuilder`3 builder)
   at Autofac.RegistrationExtensions.<>c__DisplayClass37_0`1.<RegisterType>b__0(IComponentRegistryBuilder cr)
   at Autofac.ContainerBuilder.Build(IComponentRegistryBuilder componentRegistry, Boolean excludeDefaultModules)
   at Autofac.ContainerBuilder.UpdateRegistry(IComponentRegistryBuilder componentRegistry)
   at Autofac.Module.Configure(IComponentRegistryBuilder componentRegistry)
   at Autofac.ContainerBuilder.Build(IComponentRegistryBuilder componentRegistry, Boolean excludeDefaultModules)
   at Autofac.ContainerBuilder.Build(ContainerBuildOptions options)
   at Autofac.Extensions.DependencyInjection.AutofacServiceProviderFactory.CreateServiceProvider(ContainerBuilder containerBuilder)
   at Microsoft.Extensions.Hosting.Internal.ServiceFactoryAdapter`1.CreateServiceProvider(Object containerBuilder)
   at Microsoft.Extensions.Hosting.HostBuilder.CreateServiceProvider()
   at Microsoft.Extensions.Hosting.HostBuilder.Build()
   at EcommerceSolution.web.Program.Main(String[] args) in C:\Users\sarwar mahmud milon\source\repos\EcommerceSolution\EcommerceSolution.web\Program.cs:line 36
2021-11-19 11:57:02.504 +06:00 [INF] Application Starting up
2021-11-19 11:57:05.094 +06:00 [FTL] Application start-up failed
System.ArgumentException: The type 'Ecommerce.Framework.Repository.CustomerRepository' is not assignable to service 'Ecommerce.Framework.Repository.ICustomerRepository'.
   at Autofac.Builder.RegistrationBuilder.CreateRegistration(Guid id, RegistrationData data, IInstanceActivator activator, IResolvePipelineBuilder pipelineBuilder, Service[] services, IComponentRegistration target)
   at Autofac.Builder.RegistrationBuilder.CreateRegistration[TLimit,TActivatorData,TSingleRegistrationStyle](IRegistrationBuilder`3 builder)
   at Autofac.Builder.RegistrationBuilder.RegisterSingleComponent[TLimit,TActivatorData,TSingleRegistrationStyle](IComponentRegistryBuilder cr, IRegistrationBuilder`3 builder)
   at Autofac.RegistrationExtensions.<>c__DisplayClass37_0`1.<RegisterType>b__0(IComponentRegistryBuilder cr)
   at Autofac.ContainerBuilder.Build(IComponentRegistryBuilder componentRegistry, Boolean excludeDefaultModules)
   at Autofac.ContainerBuilder.UpdateRegistry(IComponentRegistryBuilder componentRegistry)
   at Autofac.Module.Configure(IComponentRegistryBuilder componentRegistry)
   at Autofac.ContainerBuilder.Build(IComponentRegistryBuilder componentRegistry, Boolean excludeDefaultModules)
   at Autofac.ContainerBuilder.Build(ContainerBuildOptions options)
   at Autofac.Extensions.DependencyInjection.AutofacServiceProviderFactory.CreateServiceProvider(ContainerBuilder containerBuilder)
   at Microsoft.Extensions.Hosting.Internal.ServiceFactoryAdapter`1.CreateServiceProvider(Object containerBuilder)
   at Microsoft.Extensions.Hosting.HostBuilder.CreateServiceProvider()
   at Microsoft.Extensions.Hosting.HostBuilder.Build()
   at EcommerceSolution.web.Program.Main(String[] args) in C:\Users\sarwar mahmud milon\source\repos\EcommerceSolution\EcommerceSolution.web\Program.cs:line 36
2021-11-19 12:03:12.073 +06:00 [INF] Application Starting up
2021-11-19 12:03:53.661 +06:00 [INF] Application Starting up
